2022-05-04 15:52:54,850 INFO o.a.j.u.JMeterUtils: Setting Locale to en_EN
2022-05-04 15:52:54,887 INFO o.a.j.JMeter: Loading user properties from: /Users/zhaominzhen/apache-jmeter-5.1.1/bin/user.properties
2022-05-04 15:52:54,888 INFO o.a.j.JMeter: Loading system properties from: /Users/zhaominzhen/apache-jmeter-5.1.1/bin/system.properties
2022-05-04 15:52:54,896 INFO o.a.j.JMeter: Copyright (c) 1998-2019 The Apache Software Foundation
2022-05-04 15:52:54,896 INFO o.a.j.JMeter: Version 5.1.1 r1855137
2022-05-04 15:52:54,896 INFO o.a.j.JMeter: java.version=1.8.0_322
2022-05-04 15:52:54,896 INFO o.a.j.JMeter: java.vm.name=OpenJDK 64-Bit Server VM
2022-05-04 15:52:54,896 INFO o.a.j.JMeter: os.name=Mac OS X
2022-05-04 15:52:54,897 INFO o.a.j.JMeter: os.arch=x86_64
2022-05-04 15:52:54,897 INFO o.a.j.JMeter: os.version=10.16
2022-05-04 15:52:54,897 INFO o.a.j.JMeter: file.encoding=UTF-8
2022-05-04 15:52:54,897 INFO o.a.j.JMeter: java.awt.headless=null
2022-05-04 15:52:54,897 INFO o.a.j.JMeter: Max memory     =1073741824
2022-05-04 15:52:54,897 INFO o.a.j.JMeter: Available Processors =4
2022-05-04 15:52:54,911 INFO o.a.j.JMeter: Default Locale=English (EN)
2022-05-04 15:52:54,912 INFO o.a.j.JMeter: JMeter  Locale=English (EN)
2022-05-04 15:52:54,912 INFO o.a.j.JMeter: JMeterHome=/Users/zhaominzhen/apache-jmeter-5.1.1
2022-05-04 15:52:54,912 INFO o.a.j.JMeter: user.dir  =/Users/zhaominzhen/Documents/test_practice/阶段六： 接口自动化测试/模块五
2022-05-04 15:52:54,912 INFO o.a.j.JMeter: PWD       =/Users/zhaominzhen/Documents/test_practice/阶段六： 接口自动化测试/模块五
2022-05-04 15:52:54,914 INFO o.a.j.JMeter: IP: 127.0.0.1 Name: zhaominzhendeMacBook-Pro.local FullName: localhost
2022-05-04 15:52:56,725 INFO o.a.j.g.a.LookAndFeelCommand: Installing Darcula LAF
2022-05-04 15:52:56,756 INFO o.a.j.g.a.LookAndFeelCommand: Using look and feel: com.bulenkov.darcula.DarculaLaf [Darcula]
2022-05-04 15:52:56,757 INFO o.a.j.JMeter: Setting LAF to: com.bulenkov.darcula.DarculaLaf
2022-05-04 15:52:56,859 INFO o.a.j.JMeter: Loaded icon properties from org/apache/jmeter/images/icon.properties
2022-05-04 15:52:58,020 INFO o.j.r.JARSourceHTTP: Using proxy 127.0.0.1:7890
2022-05-04 15:52:58,032 INFO o.j.r.JARSourceHTTP: Using proxy 127.0.0.1:7890
2022-05-04 15:52:58,090 INFO o.j.r.JARSourceHTTP: Found cached repo
2022-05-04 15:52:58,418 INFO o.j.r.JARSourceHTTP: Using proxy 127.0.0.1:7890
2022-05-04 15:52:58,419 INFO o.j.r.PluginManager: Plugins Status: [jpgc-plugins-manager=1.7, jmeter-core=5.1.1, jmeter-ftp=5.1.1, jmeter-http=5.1.1, jmeter-jdbc=5.1.1, jmeter-jms=5.1.1, jmeter-junit=5.1.1, jmeter-java=5.1.1, jmeter-ldap=5.1.1, jmeter-mail=5.1.1, jmeter-mongodb=5.1.1, jmeter-native=5.1.1, jmeter-tcp=5.1.1, jmeter-components=5.1.1]
2022-05-04 15:52:59,965 INFO o.a.j.p.h.s.HTTPSamplerBase: Parser for text/html is org.apache.jmeter.protocol.http.parser.LagartoBasedHtmlParser
2022-05-04 15:52:59,966 INFO o.a.j.p.h.s.HTTPSamplerBase: Parser for application/xhtml+xml is org.apache.jmeter.protocol.http.parser.LagartoBasedHtmlParser
2022-05-04 15:52:59,966 INFO o.a.j.p.h.s.HTTPSamplerBase: Parser for application/xml is org.apache.jmeter.protocol.http.parser.LagartoBasedHtmlParser
2022-05-04 15:52:59,966 INFO o.a.j.p.h.s.HTTPSamplerBase: Parser for text/xml is org.apache.jmeter.protocol.http.parser.LagartoBasedHtmlParser
2022-05-04 15:52:59,966 INFO o.a.j.p.h.s.HTTPSamplerBase: Parser for text/vnd.wap.wml is org.apache.jmeter.protocol.http.parser.RegexpHTMLParser
2022-05-04 15:52:59,966 INFO o.a.j.p.h.s.HTTPSamplerBase: Parser for text/css is org.apache.jmeter.protocol.http.parser.CssParser
2022-05-04 15:53:00,379 INFO o.a.j.e.KeyToolUtils: keytool found at 'keytool'
2022-05-04 15:53:00,379 INFO o.a.j.p.h.p.ProxyControl: HTTP(S) Test Script Recorder SSL Proxy will use keys that support embedded 3rd party resources in file /Users/zhaominzhen/apache-jmeter-5.1.1/bin/proxyserver.jks
2022-05-04 15:53:00,606 INFO o.a.j.s.FileServer: Default base='/Users/zhaominzhen/Documents/test_practice/阶段六： 接口自动化测试/模块五'
2022-05-04 15:53:00,951 INFO o.a.j.s.SampleResult: Note: Sample TimeStamps are START times
2022-05-04 15:53:00,951 INFO o.a.j.s.SampleResult: sampleresult.default.encoding is set to ISO-8859-1
2022-05-04 15:53:00,951 INFO o.a.j.s.SampleResult: sampleresult.useNanoTime=true
2022-05-04 15:53:00,951 INFO o.a.j.s.SampleResult: sampleresult.nanoThreadSleep=5000
2022-05-04 15:53:00,980 INFO o.a.j.v.ViewResultsFullVisualizer: Add JavaFX to your Java installation if you want to use renderer: org.apache.jmeter.visualizers.RenderInBrowser
2022-05-04 15:53:02,009 WARN o.j.r.h.StatsReporter: Failed to send repo stats
javax.net.ssl.SSLException: Read timed out
	at sun.security.ssl.Alert.createSSLException(Alert.java:127) ~[?:1.8.0_322]
	at sun.security.ssl.TransportContext.fatal(TransportContext.java:324) ~[?:1.8.0_322]
	at sun.security.ssl.TransportContext.fatal(TransportContext.java:267) ~[?:1.8.0_322]
	at sun.security.ssl.TransportContext.fatal(TransportContext.java:262) ~[?:1.8.0_322]
	at sun.security.ssl.SSLTransport.decode(SSLTransport.java:138) ~[?:1.8.0_322]
	at sun.security.ssl.SSLSocketImpl.decode(SSLSocketImpl.java:1392) ~[?:1.8.0_322]
	at sun.security.ssl.SSLSocketImpl.readHandshakeRecord(SSLSocketImpl.java:1300) ~[?:1.8.0_322]
	at sun.security.ssl.SSLSocketImpl.startHandshake(SSLSocketImpl.java:435) ~[?:1.8.0_322]
	at org.apache.http.conn.ssl.SSLSocketFactory.createLayeredSocket(SSLSocketFactory.java:570) ~[httpclient-4.5.7.jar:4.5.7]
	at org.apache.http.conn.ssl.SSLSocketFactory.createLayeredSocket(SSLSocketFactory.java:450) ~[httpclient-4.5.7.jar:4.5.7]
	at org.apache.http.impl.conn.DefaultClientConnectionOperator.updateSecureConnection(DefaultClientConnectionOperator.java:220) ~[httpclient-4.5.7.jar:4.5.7]
	at org.apache.http.impl.conn.ManagedClientConnectionImpl.layerProtocol(ManagedClientConnectionImpl.java:419) ~[httpclient-4.5.7.jar:4.5.7]
	at org.apache.http.impl.client.DefaultRequestDirector.establishRoute(DefaultRequestDirector.java:808) ~[httpclient-4.5.7.jar:4.5.7]
	at org.apache.http.impl.client.DefaultRequestDirector.tryConnect(DefaultRequestDirector.java:609) ~[httpclient-4.5.7.jar:4.5.7]
	at org.apache.http.impl.client.DefaultRequestDirector.execute(DefaultRequestDirector.java:440) ~[httpclient-4.5.7.jar:4.5.7]
	at org.apache.http.impl.client.AbstractHttpClient.doExecute(AbstractHttpClient.java:835) ~[httpclient-4.5.7.jar:4.5.7]
	at org.apache.http.impl.client.CloseableHttpClient.execute(CloseableHttpClient.java:83) ~[httpclient-4.5.7.jar:4.5.7]
	at org.apache.http.impl.client.CloseableHttpClient.execute(CloseableHttpClient.java:56) ~[httpclient-4.5.7.jar:4.5.7]
	at org.jmeterplugins.repository.JARSourceHTTP.execute(JARSourceHTTP.java:499) ~[jmeter-plugins-manager-1.7.jar:?]
	at org.jmeterplugins.repository.JARSourceHTTP.execute(JARSourceHTTP.java:494) ~[jmeter-plugins-manager-1.7.jar:?]
	at org.jmeterplugins.repository.JARSourceHTTP.reportStats(JARSourceHTTP.java:451) ~[jmeter-plugins-manager-1.7.jar:?]
	at org.jmeterplugins.repository.http.StatsReporter.run(StatsReporter.java:24) [jmeter-plugins-manager-1.7.jar:?]
Caused by: java.net.SocketTimeoutException: Read timed out
	at java.net.SocketInputStream.socketRead0(Native Method) ~[?:1.8.0_322]
	at java.net.SocketInputStream.socketRead(SocketInputStream.java:116) ~[?:1.8.0_322]
	at java.net.SocketInputStream.read(SocketInputStream.java:171) ~[?:1.8.0_322]
	at java.net.SocketInputStream.read(SocketInputStream.java:141) ~[?:1.8.0_322]
	at sun.security.ssl.SSLSocketInputRecord.read(SSLSocketInputRecord.java:464) ~[?:1.8.0_322]
	at sun.security.ssl.SSLSocketInputRecord.decode(SSLSocketInputRecord.java:165) ~[?:1.8.0_322]
	at sun.security.ssl.SSLTransport.decode(SSLTransport.java:109) ~[?:1.8.0_322]
	... 17 more
2022-05-04 15:53:05,609 INFO o.a.j.g.a.Load: Loading file: /Users/zhaominzhen/Documents/test_practice/阶段六： 接口自动化测试/模块五/lagou_edu.jmx
2022-05-04 15:53:05,610 INFO o.a.j.s.FileServer: Set new base='/Users/zhaominzhen/Documents/test_practice/阶段六： 接口自动化测试/模块五'
2022-05-04 15:53:05,873 INFO o.a.j.s.SaveService: Testplan (JMX) version: 2.2. Testlog (JTL) version: 2.2
2022-05-04 15:53:05,897 INFO o.a.j.s.SaveService: Using SaveService properties file encoding UTF-8
2022-05-04 15:53:05,900 INFO o.a.j.s.SaveService: Using SaveService properties version 5.0
2022-05-04 15:53:05,910 INFO o.a.j.s.SaveService: Loading file: /Users/zhaominzhen/Documents/test_practice/阶段六： 接口自动化测试/模块五/lagou_edu.jmx
2022-05-04 15:53:06,179 INFO o.a.j.p.h.c.CookieManager: Settings: Delete null: true Check: true Allow variable: true Save: false Prefix: COOKIE_
2022-05-04 15:53:06,323 INFO o.a.j.v.ViewResultsFullVisualizer: Add JavaFX to your Java installation if you want to use renderer: org.apache.jmeter.visualizers.RenderInBrowser
2022-05-04 15:53:06,439 INFO o.a.j.v.ViewResultsFullVisualizer: Add JavaFX to your Java installation if you want to use renderer: org.apache.jmeter.visualizers.RenderInBrowser
2022-05-04 15:53:06,508 INFO o.a.j.s.FileServer: Set new base='/Users/zhaominzhen/Documents/test_practice/阶段六： 接口自动化测试/模块五'
2022-05-04 15:54:46,695 INFO o.a.j.e.StandardJMeterEngine: Running the test!
2022-05-04 15:54:46,696 INFO o.a.j.s.SampleEvent: List of sample_variables: []
2022-05-04 15:54:46,697 INFO o.a.j.s.SampleEvent: List of sample_variables: []
2022-05-04 15:54:46,705 INFO o.a.j.e.u.CompoundVariable: Note: Function class names must contain the string: '.functions.'
2022-05-04 15:54:46,706 INFO o.a.j.e.u.CompoundVariable: Note: Function class names must not contain the string: '.gui.'
2022-05-04 15:54:47,201 INFO o.a.j.g.u.JMeterMenuBar: setRunning(true, *local*)
2022-05-04 15:54:47,620 INFO o.a.j.e.StandardJMeterEngine: Starting ThreadGroup: 1 : 单接口测试
2022-05-04 15:54:47,620 INFO o.a.j.e.StandardJMeterEngine: Starting 1 threads for group 单接口测试.
2022-05-04 15:54:47,621 INFO o.a.j.e.StandardJMeterEngine: Thread will continue on error
2022-05-04 15:54:47,623 INFO o.a.j.t.ThreadGroup: Starting thread group... number=1 threads=1 ramp-up=1 delayedStart=false
2022-05-04 15:54:47,631 INFO o.a.j.t.ThreadGroup: Started thread group number 1
2022-05-04 15:54:47,631 INFO o.a.j.e.StandardJMeterEngine: Starting ThreadGroup: 2 : 业务测试
2022-05-04 15:54:47,632 INFO o.a.j.e.StandardJMeterEngine: Starting 1 threads for group 业务测试.
2022-05-04 15:54:47,632 INFO o.a.j.e.StandardJMeterEngine: Thread will continue on error
2022-05-04 15:54:47,633 INFO o.a.j.t.ThreadGroup: Starting thread group... number=2 threads=1 ramp-up=1 delayedStart=false
2022-05-04 15:54:47,636 INFO o.a.j.t.ThreadGroup: Started thread group number 2
2022-05-04 15:54:47,636 INFO o.a.j.e.StandardJMeterEngine: All thread groups have been started
2022-05-04 15:54:47,643 INFO o.a.j.t.JMeterThread: Thread started: 单接口测试 1-1
2022-05-04 15:54:47,643 INFO o.a.j.t.JMeterThread: Thread started: 业务测试 2-1
2022-05-04 15:54:47,645 INFO o.a.j.c.LoopController: iterationStart called on 循环控制器 with source org.apache.jmeter.control.GenericController@472d1cce and iteration 0
2022-05-04 15:54:47,646 INFO o.a.j.s.FileServer: Stored: /Users/zhaominzhen/Documents/test_practice/阶段六： 接口自动化测试/模块五/lagou_edu_data.csv Alias: /Users/zhaominzhen/Documents/test_practice/阶段六： 接口自动化测试/模块五/lagou_edu_data.csv@1424285068
2022-05-04 15:54:47,673 INFO o.a.j.p.h.s.HTTPHCAbstractImpl: Local host = zhaominzhendeMacBook-Pro.local
2022-05-04 15:54:47,686 INFO o.a.j.p.h.s.HTTPHC4Impl: HTTP request retry count = 0
2022-05-04 15:54:47,804 INFO o.a.j.p.h.c.HC4CookieHandler: Not storing invalid cookie: <JSESSIONID=; Domain=158.25.85; Path=/> for URL http://150.158.25.85:8080/ssm_web/user/login?phone=15321919666&password=123456 (Illegal 'domain' attribute "158.25.85". Domain of origin: "150.158.25.85")
2022-05-04 15:54:47,897 INFO o.a.j.p.h.c.HC4CookieHandler: Not storing invalid cookie: <JSESSIONID=3C19490CEE57B6EF3EE3B4E2D89E62DA; Domain=158.25.85; Path=/> for URL http://150.158.25.85:8080/ssm_web/user/findAllUserByPage (Illegal 'domain' attribute "158.25.85". Domain of origin: "150.158.25.85")
2022-05-04 15:54:47,912 INFO o.a.j.p.h.c.HC4CookieHandler: Not storing invalid cookie: <JSESSIONID=3C19490CEE57B6EF3EE3B4E2D89E62DA; Domain=158.25.85; Path=/> for URL http://150.158.25.85:8080/ssm_web/user/findAllUserByPage (Illegal 'domain' attribute "158.25.85". Domain of origin: "150.158.25.85")
2022-05-04 15:54:47,941 INFO o.a.j.p.h.c.HC4CookieHandler: Not storing invalid cookie: <JSESSIONID=3C19490CEE57B6EF3EE3B4E2D89E62DA; Domain=158.25.85; Path=/> for URL http://150.158.25.85:8080/ssm_web/user/getUserPermissions (Illegal 'domain' attribute "158.25.85". Domain of origin: "150.158.25.85")
2022-05-04 15:54:47,963 INFO o.a.j.p.h.c.HC4CookieHandler: Not storing invalid cookie: <JSESSIONID=3C19490CEE57B6EF3EE3B4E2D89E62DA; Domain=158.25.85; Path=/> for URL http://150.158.25.85:8080/ssm_web/user/updateUserStatus?id=100030011&status=DISABLE (Illegal 'domain' attribute "158.25.85". Domain of origin: "150.158.25.85")
2022-05-04 15:54:47,979 INFO o.a.j.p.h.c.HC4CookieHandler: Not storing invalid cookie: <JSESSIONID=3C19490CEE57B6EF3EE3B4E2D89E62DA; Domain=158.25.85; Path=/> for URL http://150.158.25.85:8080/ssm_web/user/updateUserStatus?id=100030011&status=ENABLE (Illegal 'domain' attribute "158.25.85". Domain of origin: "150.158.25.85")
2022-05-04 15:54:48,010 INFO o.a.j.p.h.c.HC4CookieHandler: Not storing invalid cookie: <JSESSIONID=3C19490CEE57B6EF3EE3B4E2D89E62DA; Domain=158.25.85; Path=/> for URL http://150.158.25.85:8080/ssm_web/user/userContextRole (Illegal 'domain' attribute "158.25.85". Domain of origin: "150.158.25.85")
2022-05-04 15:54:48,010 INFO o.a.j.t.JMeterThread: Thread is done: 业务测试 2-1
2022-05-04 15:54:48,010 INFO o.a.j.t.JMeterThread: Thread finished: 业务测试 2-1
2022-05-04 15:54:48,037 INFO o.a.j.t.JMeterThread: Thread is done: 单接口测试 1-1
2022-05-04 15:54:48,037 INFO o.a.j.t.JMeterThread: Thread finished: 单接口测试 1-1
2022-05-04 15:54:48,038 INFO o.a.j.e.StandardJMeterEngine: Notifying test listeners of end of test
2022-05-04 15:54:48,038 INFO o.a.j.s.FileServer: Close: /Users/zhaominzhen/Documents/test_practice/阶段六： 接口自动化测试/模块五/lagou_edu_data.csv@1424285068
2022-05-04 15:54:48,039 INFO o.a.j.g.u.JMeterMenuBar: setRunning(false, *local*)
